<?xml version="1.0" encoding="UTF-8"?>
<!-- Generated by org.testng.reporters.JUnitXMLReporter -->
<testsuite ignored="0" hostname="TECH-LP-951.local" failures="1" tests="4" name="Test" time="59.899" errors="0" timestamp="10 Jun 2022 12:34:17 GMT">
  <testcase classname="practice.Appium_IOS_Android.IOS_ClickTest" name="totalValidation" time="16.252">
    <failure type="java.lang.AssertionError" message="expected [true] but found [false]">
      <![CDATA[java.lang.AssertionError: expected [true] but found [false]
at practice.Appium_IOS_Android.IOS_ClickTest.totalValidation(IOS_ClickTest.java:33)
... Removed 29 stack frames]]>
    </failure>
  </testcase> <!-- totalValidation -->
  <testcase classname="practice.Appium_IOS_Android.IOS_Scroll" name="scrollValidation" time="21.572"/>
  <testcase classname="practice.Appium_IOS_Android.IOS_Slider" name="sliderValidation" time="9.112"/>
  <testcase classname="practice.Appium_IOS_Android.IOS_LongTap" name="longTapValidation" time="12.757"/>
</testsuite> <!-- Test -->
