<?xml version="1.0" encoding="UTF-8"?>
<testng-results ignored="0" total="4" passed="3" failed="1" skipped="0">
  <reporter-output>
  </reporter-output>
  <suite started-at="2022-06-10T12:33:17Z" name="Suite" finished-at="2022-06-10T12:34:17Z" duration-ms="59899">
    <groups>
    </groups>
    <test started-at="2022-06-10T12:33:17Z" name="Test" finished-at="2022-06-10T12:34:17Z" duration-ms="59899">
      <class name="practice.Appium_IOS_Android.IOS_ClickTest">
        <test-method signature="totalValidation(java.lang.String)[pri:0, instance:practice.Appium_IOS_Android.IOS_ClickTest@78d6692f]" started-at="2022-06-10T12:33:17Z" name="totalValidation" data-provider="getData" finished-at="2022-06-10T12:33:33Z" duration-ms="16252" status="FAIL">
          <params>
            <param index="0">
              <value>
                <![CDATA[hello]]>
              </value>
            </param>
          </params>
          <exception class="java.lang.AssertionError">
            <message>
              <![CDATA[expected [true] but found [false]]]>
            </message>
            <full-stacktrace>
              <![CDATA[java.lang.AssertionError: expected [true] but found [false]
at org.testng.Assert.fail(Assert.java:96)
at org.testng.Assert.failNotEquals(Assert.java:776)
at org.testng.Assert.assertTrue(Assert.java:44)
at org.testng.Assert.assertTrue(Assert.java:54)
at practice.Appium_IOS_Android.IOS_ClickTest.totalValidation(IOS_ClickTest.java:33)
at java.base/jdk.internal.reflect.NativeMethodAccessorImpl.invoke0(Native Method)
at java.base/jdk.internal.reflect.NativeMethodAccessorImpl.invoke(NativeMethodAccessorImpl.java:77)
at java.base/jdk.internal.reflect.DelegatingMethodAccessorImpl.invoke(DelegatingMethodAccessorImpl.java:43)
at java.base/java.lang.reflect.Method.invoke(Method.java:568)
at org.testng.internal.MethodInvocationHelper.invokeMethod(MethodInvocationHelper.java:124)
at org.testng.internal.Invoker.invokeMethod(Invoker.java:583)
at org.testng.internal.Invoker.invokeTestMethod(Invoker.java:719)
at org.testng.internal.Invoker.invokeTestMethods(Invoker.java:989)
at org.testng.internal.TestMethodWorker.invokeTestMethods(TestMethodWorker.java:125)
at org.testng.internal.TestMethodWorker.run(TestMethodWorker.java:109)
at org.testng.TestRunner.privateRun(TestRunner.java:648)
at org.testng.TestRunner.run(TestRunner.java:505)
at org.testng.SuiteRunner.runTest(SuiteRunner.java:455)
at org.testng.SuiteRunner.runSequentially(SuiteRunner.java:450)
at org.testng.SuiteRunner.privateRun(SuiteRunner.java:415)
at org.testng.SuiteRunner.run(SuiteRunner.java:364)
at org.testng.SuiteRunnerWorker.runSuite(SuiteRunnerWorker.java:52)
at org.testng.SuiteRunnerWorker.run(SuiteRunnerWorker.java:84)
at org.testng.TestNG.runSuitesSequentially(TestNG.java:1208)
at org.testng.TestNG.runSuitesLocally(TestNG.java:1137)
at org.testng.TestNG.runSuites(TestNG.java:1049)
at org.testng.TestNG.run(TestNG.java:1017)
at org.testng.remote.AbstractRemoteTestNG.run(AbstractRemoteTestNG.java:115)
at org.testng.remote.RemoteTestNG.initAndRun(RemoteTestNG.java:251)
at org.testng.remote.RemoteTestNG.main(RemoteTestNG.java:77)
]]>
            </full-stacktrace>
          </exception> <!-- java.lang.AssertionError -->
          <reporter-output>
          </reporter-output>
        </test-method> <!-- totalValidation -->
      </class> <!-- practice.Appium_IOS_Android.IOS_ClickTest -->
      <class name="practice.Appium_IOS_Android.IOS_Slider">
        <test-method signature="sliderValidation()[pri:0, instance:practice.Appium_IOS_Android.IOS_Slider@3d9c13b5]" started-at="2022-06-10T12:33:55Z" name="sliderValidation" finished-at="2022-06-10T12:34:04Z" duration-ms="9112" status="PASS">
          <reporter-output>
          </reporter-output>
        </test-method> <!-- sliderValidation -->
      </class> <!-- practice.Appium_IOS_Android.IOS_Slider -->
      <class name="practice.Appium_IOS_Android.IOS_Scroll">
        <test-method signature="scrollValidation()[pri:0, instance:practice.Appium_IOS_Android.IOS_Scroll@7a55af6b]" started-at="2022-06-10T12:33:33Z" name="scrollValidation" finished-at="2022-06-10T12:33:55Z" duration-ms="21572" status="PASS">
          <reporter-output>
          </reporter-output>
        </test-method> <!-- scrollValidation -->
      </class> <!-- practice.Appium_IOS_Android.IOS_Scroll -->
      <class name="practice.Appium_IOS_Android.IOS_LongTap">
        <test-method signature="longTapValidation()[pri:0, instance:practice.Appium_IOS_Android.IOS_LongTap@492691d7]" started-at="2022-06-10T12:34:04Z" name="longTapValidation" finished-at="2022-06-10T12:34:17Z" duration-ms="12757" status="PASS">
          <reporter-output>
          </reporter-output>
        </test-method> <!-- longTapValidation -->
      </class> <!-- practice.Appium_IOS_Android.IOS_LongTap -->
    </test> <!-- Test -->
  </suite> <!-- Suite -->
</testng-results>
